              :-) GROMACS - gmx mdrun, 2021.4-Ubuntu-2021.4-2 (-:

                            GROMACS is written by:
     Andrey Alekseenko              Emile Apol              Rossen Apostolov     
         Paul Bauer           Herman J.C. Berendsen           Par Bjelkmar       
       Christian Blau           Viacheslav Bolnykh             Kevin Boyd        
     Aldert van Buuren           Rudi van Drunen             Anton Feenstra      
    Gilles Gouaillardet             Alan Gray               Gerrit Groenhof      
       Anca Hamuraru            Vincent Hindriksen          M. Eric Irrgang      
      Aleksei Iupinov           Christoph Junghans             Joe Jordan        
    Dimitrios Karkoulis            Peter Kasson                Jiri Kraus        
      Carsten Kutzner              Per Larsson              Justin A. Lemkul     
       Viveca Lindahl            Magnus Lundborg             Erik Marklund       
        Pascal Merz             Pieter Meulenhoff            Teemu Murtola       
        Szilard Pall               Sander Pronk              Roland Schulz       
       Michael Shirts            Alexey Shvetsov             Alfons Sijbers      
       Peter Tieleman              Jon Vincent              Teemu Virolainen     
     Christian Wennberg            Maarten Wolf              Artem Zhmurov       
                           and the project leaders:
        Mark Abraham, Berk Hess, Erik Lindahl, and David van der Spoel

Copyright (c) 1991-2000, University of Groningen, The Netherlands.
Copyright (c) 2001-2019, The GROMACS development team at
Uppsala University, Stockholm University and
the Royal Institute of Technology, Sweden.
check out http://www.gromacs.org for more information.

GROMACS is free software; you can redistribute it and/or modify it
under the terms of the GNU Lesser General Public License
as published by the Free Software Foundation; either version 2.1
of the License, or (at your option) any later version.

GROMACS:      gmx mdrun, version 2021.4-Ubuntu-2021.4-2
Executable:   /usr/bin/gmx
Data prefix:  /usr
Working dir:  /mnt/c/Users/paul/works/1aki
Process ID:   15012
Command line:
  gmx mdrun -deffnm npt

GROMACS version:    2021.4-Ubuntu-2021.4-2
Precision:          mixed
Memory model:       64 bit
MPI library:        thread_mpi
OpenMP support:     enabled (GMX_OPENMP_MAX_THREADS = 64)
GPU support:        disabled
SIMD instructions:  SSE4.1
FFT library:        fftw-3.3.8-sse2-avx
RDTSCP usage:       enabled
TNG support:        enabled
Hwloc support:      hwloc-2.5.0
Tracing support:    disabled
C compiler:         /usr/bin/cc GNU 11.2.0
C compiler flags:   -msse4.1 -Wno-missing-field-initializers -fexcess-precision=fast -funroll-all-loops -O3 -DNDEBUG
C++ compiler:       /usr/bin/c++ GNU 11.2.0
C++ compiler flags: -msse4.1 -Wno-missing-field-initializers -fexcess-precision=fast -funroll-all-loops -fopenmp -O3 -DNDEBUG


Running on 1 node with total 4 cores, 8 logical cores
Hardware detected:
  CPU info:
    Vendor: Intel
    Brand:  11th Gen Intel(R) Core(TM) i7-1165G7 @ 2.80GHz
    Family: 6   Model: 140   Stepping: 1
    Features: aes apic avx avx2 avx512f avx512cd avx512bw avx512vl avx512secondFMA clfsh cmov cx8 cx16 f16c fma htt intel lahf mmx msr nonstop_tsc pcid pclmuldq pdcm pdpe1gb popcnt pse rdrnd rdtscp sha sse2 sse3 sse4.1 sse4.2 ssse3 tdt x2apic
    Number of AVX-512 FMA units: Cannot run AVX-512 detection - assuming 2
  Hardware topology: Full, with devices
    Sockets, cores, and logical processors:
      Socket  0: [   0   1] [   2   3] [   4   5] [   6   7]
    Numa nodes:
      Node  0 (8145272832 bytes mem):   0   1   2   3   4   5   6   7
      Latency:
               0
         0  1.00
    Caches:
      L1: 49152 bytes, linesize 64 bytes, assoc. 12, shared 2 ways
      L2: 1310720 bytes, linesize 64 bytes, assoc. 20, shared 2 ways
      L3: 12582912 bytes, linesize 64 bytes, assoc. 12, shared 8 ways
    PCI devices:
      1a6c:00:00.0  Id: 1414:008e  Class: 0x0302  Numa: 0
      53ad:00:00.0  Id: 1af4:1049  Class: 0x0100  Numa: 0
      63fc:00:00.0  Id: 1af4:1043  Class: 0x0100  Numa: 0
      92c9:00:00.0  Id: 1af4:1049  Class: 0x0100  Numa: 0
      c850:00:00.0  Id: 1af4:1049  Class: 0x0100  Numa: 0
      d67e:00:00.0  Id: 1af4:1049  Class: 0x0100  Numa: 0
      e265:00:00.0  Id: 1af4:1049  Class: 0x0100  Numa: 0

Highest SIMD level supported by all nodes in run: AVX_512
SIMD instructions selected at compile time:       SSE4.1
This program was compiled for different hardware than you are running on,
which could influence performance.

++++ PLEASE READ AND CITE THE FOLLOWING REFERENCE ++++
M. J. Abraham, T. Murtola, R. Schulz, S. Páll, J. C. Smith, B. Hess, E.
Lindahl
GROMACS: High performance molecular simulations through multi-level
parallelism from laptops to supercomputers
SoftwareX 1 (2015) pp. 19-25
-------- -------- --- Thank You --- -------- --------


++++ PLEASE READ AND CITE THE FOLLOWING REFERENCE ++++
S. Páll, M. J. Abraham, C. Kutzner, B. Hess, E. Lindahl
Tackling Exascale Software Challenges in Molecular Dynamics Simulations with
GROMACS
In S. Markidis & E. Laure (Eds.), Solving Software Challenges for Exascale 8759 (2015) pp. 3-27
-------- -------- --- Thank You --- -------- --------


++++ PLEASE READ AND CITE THE FOLLOWING REFERENCE ++++
S. Pronk, S. Páll, R. Schulz, P. Larsson, P. Bjelkmar, R. Apostolov, M. R.
Shirts, J. C. Smith, P. M. Kasson, D. van der Spoel, B. Hess, and E. Lindahl
GROMACS 4.5: a high-throughput and highly parallel open source molecular
simulation toolkit
Bioinformatics 29 (2013) pp. 845-54
-------- -------- --- Thank You --- -------- --------


++++ PLEASE READ AND CITE THE FOLLOWING REFERENCE ++++
B. Hess and C. Kutzner and D. van der Spoel and E. Lindahl
GROMACS 4: Algorithms for highly efficient, load-balanced, and scalable
molecular simulation
J. Chem. Theory Comput. 4 (2008) pp. 435-447
-------- -------- --- Thank You --- -------- --------


++++ PLEASE READ AND CITE THE FOLLOWING REFERENCE ++++
D. van der Spoel, E. Lindahl, B. Hess, G. Groenhof, A. E. Mark and H. J. C.
Berendsen
GROMACS: Fast, Flexible and Free
J. Comp. Chem. 26 (2005) pp. 1701-1719
-------- -------- --- Thank You --- -------- --------


++++ PLEASE READ AND CITE THE FOLLOWING REFERENCE ++++
E. Lindahl and B. Hess and D. van der Spoel
GROMACS 3.0: A package for molecular simulation and trajectory analysis
J. Mol. Mod. 7 (2001) pp. 306-317
-------- -------- --- Thank You --- -------- --------


++++ PLEASE READ AND CITE THE FOLLOWING REFERENCE ++++
H. J. C. Berendsen, D. van der Spoel and R. van Drunen
GROMACS: A message-passing parallel molecular dynamics implementation
Comp. Phys. Comm. 91 (1995) pp. 43-56
-------- -------- --- Thank You --- -------- --------

Input Parameters:
   integrator                     = md
   tinit                          = 0
   dt                             = 0.002
   nsteps                         = 5000
   init-step                      = 0
   simulation-part                = 1
   mts                            = false
   comm-mode                      = Linear
   nstcomm                        = 100
   bd-fric                        = 0
   ld-seed                        = 333307647
   emtol                          = 10
   emstep                         = 0.01
   niter                          = 20
   fcstep                         = 0
   nstcgsteep                     = 1000
   nbfgscorr                      = 10
   rtpi                           = 0.05
   nstxout                        = 500
   nstvout                        = 500
   nstfout                        = 0
   nstlog                         = 500
   nstcalcenergy                  = 100
   nstenergy                      = 500
   nstxout-compressed             = 0
   compressed-x-precision         = 1000
   cutoff-scheme                  = Verlet
   nstlist                        = 10
   pbc                            = xyz
   periodic-molecules             = false
   verlet-buffer-tolerance        = 0.005
   rlist                          = 1
   coulombtype                    = PME
   coulomb-modifier               = Potential-shift
   rcoulomb-switch                = 0
   rcoulomb                       = 1
   epsilon-r                      = 1
   epsilon-rf                     = inf
   vdw-type                       = Cut-off
   vdw-modifier                   = Potential-shift
   rvdw-switch                    = 0
   rvdw                           = 1
   DispCorr                       = EnerPres
   table-extension                = 1
   fourierspacing                 = 0.16
   fourier-nx                     = 44
   fourier-ny                     = 44
   fourier-nz                     = 44
   pme-order                      = 4
   ewald-rtol                     = 1e-05
   ewald-rtol-lj                  = 0.001
   lj-pme-comb-rule               = Geometric
   ewald-geometry                 = 0
   epsilon-surface                = 0
   tcoupl                         = V-rescale
   nsttcouple                     = 10
   nh-chain-length                = 0
   print-nose-hoover-chain-variables = false
   pcoupl                         = Parrinello-Rahman
   pcoupltype                     = Isotropic
   nstpcouple                     = 10
   tau-p                          = 2
   compressibility (3x3):
      compressibility[    0]={ 4.50000e-05,  0.00000e+00,  0.00000e+00}
      compressibility[    1]={ 0.00000e+00,  4.50000e-05,  0.00000e+00}
      compressibility[    2]={ 0.00000e+00,  0.00000e+00,  4.50000e-05}
   ref-p (3x3):
      ref-p[    0]={ 1.00000e+00,  0.00000e+00,  0.00000e+00}
      ref-p[    1]={ 0.00000e+00,  1.00000e+00,  0.00000e+00}
      ref-p[    2]={ 0.00000e+00,  0.00000e+00,  1.00000e+00}
   refcoord-scaling               = COM
   posres-com (3):
      posres-com[0]= 4.97424e-01
      posres-com[1]= 5.01864e-01
      posres-com[2]= 4.99616e-01
   posres-comB (3):
      posres-comB[0]= 4.97424e-01
      posres-comB[1]= 5.01864e-01
      posres-comB[2]= 4.99616e-01
   QMMM                           = false
qm-opts:
   ngQM                           = 0
   constraint-algorithm           = Lincs
   continuation                   = true
   Shake-SOR                      = false
   shake-tol                      = 0.0001
   lincs-order                    = 4
   lincs-iter                     = 1
   lincs-warnangle                = 30
   nwall                          = 0
   wall-type                      = 9-3
   wall-r-linpot                  = -1
   wall-atomtype[0]               = -1
   wall-atomtype[1]               = -1
   wall-density[0]                = 0
   wall-density[1]                = 0
   wall-ewald-zfac                = 3
   pull                           = false
   awh                            = false
   rotation                       = false
   interactiveMD                  = false
   disre                          = No
   disre-weighting                = Conservative
   disre-mixed                    = false
   dr-fc                          = 1000
   dr-tau                         = 0
   nstdisreout                    = 100
   orire-fc                       = 0
   orire-tau                      = 0
   nstorireout                    = 100
   free-energy                    = no
   cos-acceleration               = 0
   deform (3x3):
      deform[    0]={ 0.00000e+00,  0.00000e+00,  0.00000e+00}
      deform[    1]={ 0.00000e+00,  0.00000e+00,  0.00000e+00}
      deform[    2]={ 0.00000e+00,  0.00000e+00,  0.00000e+00}
   simulated-tempering            = false
   swapcoords                     = no
   userint1                       = 0
   userint2                       = 0
   userint3                       = 0
   userint4                       = 0
   userreal1                      = 0
   userreal2                      = 0
   userreal3                      = 0
   userreal4                      = 0
   applied-forces:
     electric-field:
       x:
         E0                       = 0
         omega                    = 0
         t0                       = 0
         sigma                    = 0
       y:
         E0                       = 0
         omega                    = 0
         t0                       = 0
         sigma                    = 0
       z:
         E0                       = 0
         omega                    = 0
         t0                       = 0
         sigma                    = 0
     density-guided-simulation:
       active                     = false
       group                      = protein
       similarity-measure         = inner-product
       atom-spreading-weight      = unity
       force-constant             = 1e+09
       gaussian-transform-spreading-width = 0.2
       gaussian-transform-spreading-range-in-multiples-of-width = 4
       reference-density-filename = reference.mrc
       nst                        = 1
       normalize-densities        = true
       adaptive-force-scaling     = false
       adaptive-force-scaling-time-constant = 4
       shift-vector               = 
       transformation-matrix      = 
grpopts:
   nrdf:     4920.79     63837.2
   ref-t:         300         300
   tau-t:         0.1         0.1
annealing:          No          No
annealing-npoints:           0           0
   acc:	           0           0           0
   nfreeze:           N           N           N
   energygrp-flags[  0]: 0

Changing nstlist from 10 to 50, rlist from 1 to 1.115

Using 1 MPI thread
Using 8 OpenMP threads 

Pinning threads with an auto-selected logical core stride of 1
System total charge: 0.000
Will do PME sum in reciprocal space for electrostatic interactions.

++++ PLEASE READ AND CITE THE FOLLOWING REFERENCE ++++
U. Essmann, L. Perera, M. L. Berkowitz, T. Darden, H. Lee and L. G. Pedersen 
A smooth particle mesh Ewald method
J. Chem. Phys. 103 (1995) pp. 8577-8592
-------- -------- --- Thank You --- -------- --------

Using a Gaussian width (1/beta) of 0.320163 nm for Ewald
Potential shift: LJ r^-12: -1.000e+00 r^-6: -1.000e+00, Ewald -1.000e-05
Initialized non-bonded Ewald tables, spacing: 9.33e-04 size: 1073

Generated table with 1057 data points for 1-4 COUL.
Tabscale = 500 points/nm
Generated table with 1057 data points for 1-4 LJ6.
Tabscale = 500 points/nm
Generated table with 1057 data points for 1-4 LJ12.
Tabscale = 500 points/nm
Long Range LJ corr.: <C6> 3.1825e-04


Using SIMD 4x4 nonbonded short-range kernels

Using a dual 4x4 pair-list setup updated with dynamic pruning:
  outer list: updated every 50 steps, buffer 0.115 nm, rlist 1.115 nm
  inner list: updated every 12 steps, buffer 0.002 nm, rlist 1.002 nm
At tolerance 0.005 kJ/mol/ps per atom, equivalent classical 1x1 list would be:
  outer list: updated every 50 steps, buffer 0.244 nm, rlist 1.244 nm
  inner list: updated every 12 steps, buffer 0.047 nm, rlist 1.047 nm

Using Lorentz-Berthelot Lennard-Jones combination rule

Initializing LINear Constraint Solver

++++ PLEASE READ AND CITE THE FOLLOWING REFERENCE ++++
B. Hess and H. Bekker and H. J. C. Berendsen and J. G. E. M. Fraaije
LINCS: A Linear Constraint Solver for molecular simulations
J. Comp. Chem. 18 (1997) pp. 1463-1472
-------- -------- --- Thank You --- -------- --------

The number of constraints is 959

++++ PLEASE READ AND CITE THE FOLLOWING REFERENCE ++++
S. Miyamoto and P. A. Kollman
SETTLE: An Analytical Version of the SHAKE and RATTLE Algorithms for Rigid
Water Models
J. Comp. Chem. 13 (1992) pp. 952-962
-------- -------- --- Thank You --- -------- --------


++++ PLEASE READ AND CITE THE FOLLOWING REFERENCE ++++
G. Bussi, D. Donadio and M. Parrinello
Canonical sampling through velocity rescaling
J. Chem. Phys. 126 (2007) pp. 014101
-------- -------- --- Thank You --- -------- --------

There are: 33876 Atoms
Center of mass motion removal mode is Linear
We have the following groups for center of mass motion removal:
  0:  rest

Started mdrun on rank 0 Thu May  4 13:56:24 2023

           Step           Time
              0        0.00000

   Energies (kJ/mol)
           Bond          Angle    Proper Dih.  Improper Dih.          LJ-14
    1.54668e+03    3.91908e+03    5.16848e+03    2.61466e+02    1.91212e+03
     Coulomb-14        LJ (SR)  Disper. corr.   Coulomb (SR)   Coul. recip.
    1.60861e+04    9.08456e+04   -4.43553e+03   -6.35391e+05    3.07131e+03
 Position Rest.      Potential    Kinetic En.   Total Energy  Conserved En.
    1.27629e-01   -5.17016e+05    8.68790e+04   -4.30137e+05   -4.30116e+05
    Temperature Pres. DC (bar) Pressure (bar)   Constr. rmsd
    3.03940e+02   -2.14069e+02   -5.80133e+02    3.11452e-06

           Step           Time
            500        1.00000

   Energies (kJ/mol)
           Bond          Angle    Proper Dih.  Improper Dih.          LJ-14
    1.61522e+03    4.05140e+03    5.15852e+03    2.33686e+02    1.90411e+03
     Coulomb-14        LJ (SR)  Disper. corr.   Coulomb (SR)   Coul. recip.
    1.61121e+04    9.34913e+04   -4.55064e+03   -6.39479e+05    2.93504e+03
 Position Rest.      Potential    Kinetic En.   Total Energy  Conserved En.
    4.31763e+02   -5.18097e+05    8.55970e+04   -4.32500e+05   -4.30045e+05
    Temperature Pres. DC (bar) Pressure (bar)   Constr. rmsd
    2.99454e+02   -2.25310e+02    1.01008e+02    2.85207e-06

           Step           Time
           1000        2.00000

   Energies (kJ/mol)
           Bond          Angle    Proper Dih.  Improper Dih.          LJ-14
    1.59607e+03    3.93519e+03    5.14773e+03    2.30430e+02    1.87902e+03
     Coulomb-14        LJ (SR)  Disper. corr.   Coulomb (SR)   Coul. recip.
    1.62823e+04    9.25097e+04   -4.53282e+03   -6.38140e+05    2.95660e+03
 Position Rest.      Potential    Kinetic En.   Total Energy  Conserved En.
    4.46377e+02   -5.17689e+05    8.50245e+04   -4.32665e+05   -4.30054e+05
    Temperature Pres. DC (bar) Pressure (bar)   Constr. rmsd
    2.97452e+02   -2.23550e+02   -8.62626e+01    2.51728e-06

           Step           Time
           1500        3.00000

   Energies (kJ/mol)
           Bond          Angle    Proper Dih.  Improper Dih.          LJ-14
    1.53133e+03    3.86799e+03    5.16649e+03    2.07797e+02    1.87146e+03
     Coulomb-14        LJ (SR)  Disper. corr.   Coulomb (SR)   Coul. recip.
    1.61288e+04    9.30944e+04   -4.56793e+03   -6.39593e+05    2.99665e+03
 Position Rest.      Potential    Kinetic En.   Total Energy  Conserved En.
    4.26363e+02   -5.18869e+05    8.56087e+04   -4.33261e+05   -4.30061e+05
    Temperature Pres. DC (bar) Pressure (bar)   Constr. rmsd
    2.99496e+02   -2.27023e+02    2.55205e+01    2.95965e-06

           Step           Time
           2000        4.00000

   Energies (kJ/mol)
           Bond          Angle    Proper Dih.  Improper Dih.          LJ-14
    1.53687e+03    3.98568e+03    5.14226e+03    2.78396e+02    1.82709e+03
     Coulomb-14        LJ (SR)  Disper. corr.   Coulomb (SR)   Coul. recip.
    1.59282e+04    9.51076e+04   -4.57310e+03   -6.41476e+05    2.93190e+03
 Position Rest.      Potential    Kinetic En.   Total Energy  Conserved En.
    4.72671e+02   -5.18838e+05    8.46898e+04   -4.34149e+05   -4.30039e+05
    Temperature Pres. DC (bar) Pressure (bar)   Constr. rmsd
    2.96281e+02   -2.27536e+02    4.32779e+02    2.57917e-06

           Step           Time
           2500        5.00000

   Energies (kJ/mol)
           Bond          Angle    Proper Dih.  Improper Dih.          LJ-14
    1.58685e+03    3.85749e+03    5.19417e+03    2.68082e+02    1.86764e+03
     Coulomb-14        LJ (SR)  Disper. corr.   Coulomb (SR)   Coul. recip.
    1.61373e+04    9.35802e+04   -4.55613e+03   -6.40586e+05    3.00162e+03
 Position Rest.      Potential    Kinetic En.   Total Energy  Conserved En.
    4.24295e+02   -5.19224e+05    8.51094e+04   -4.34115e+05   -4.30025e+05
    Temperature Pres. DC (bar) Pressure (bar)   Constr. rmsd
    2.97749e+02   -2.25853e+02    1.09158e+02    2.93663e-06

           Step           Time
           3000        6.00000

   Energies (kJ/mol)
           Bond          Angle    Proper Dih.  Improper Dih.          LJ-14
    1.53781e+03    4.00816e+03    5.10878e+03    2.43601e+02    1.87785e+03
     Coulomb-14        LJ (SR)  Disper. corr.   Coulomb (SR)   Coul. recip.
    1.61307e+04    9.36682e+04   -4.56669e+03   -6.40490e+05    2.97761e+03
 Position Rest.      Potential    Kinetic En.   Total Energy  Conserved En.
    4.40640e+02   -5.19064e+05    8.57225e+04   -4.33341e+05   -4.30046e+05
    Temperature Pres. DC (bar) Pressure (bar)   Constr. rmsd
    2.99894e+02   -2.26900e+02    8.67785e+01    2.92150e-06

           Step           Time
           3500        7.00000

   Energies (kJ/mol)
           Bond          Angle    Proper Dih.  Improper Dih.          LJ-14
    1.57257e+03    3.83272e+03    5.13798e+03    2.63261e+02    1.83335e+03
     Coulomb-14        LJ (SR)  Disper. corr.   Coulomb (SR)   Coul. recip.
    1.61120e+04    9.24707e+04   -4.55178e+03   -6.38686e+05    2.95472e+03
 Position Rest.      Potential    Kinetic En.   Total Energy  Conserved En.
    4.41645e+02   -5.18619e+05    8.49670e+04   -4.33652e+05   -4.30044e+05
    Temperature Pres. DC (bar) Pressure (bar)   Constr. rmsd
    2.97251e+02   -2.25422e+02   -1.29750e+02    2.80317e-06

           Step           Time
           4000        8.00000

   Energies (kJ/mol)
           Bond          Angle    Proper Dih.  Improper Dih.          LJ-14
    1.52541e+03    3.87686e+03    5.22633e+03    2.67520e+02    1.94830e+03
     Coulomb-14        LJ (SR)  Disper. corr.   Coulomb (SR)   Coul. recip.
    1.63247e+04    9.24868e+04   -4.56916e+03   -6.38598e+05    2.95675e+03
 Position Rest.      Potential    Kinetic En.   Total Energy  Conserved En.
    4.44515e+02   -5.18110e+05    8.67545e+04   -4.31355e+05   -4.30061e+05
    Temperature Pres. DC (bar) Pressure (bar)   Constr. rmsd
    3.03504e+02   -2.27146e+02    1.24557e+02    2.58066e-06

           Step           Time
           4500        9.00000

   Energies (kJ/mol)
           Bond          Angle    Proper Dih.  Improper Dih.          LJ-14
    1.46145e+03    3.87317e+03    5.17575e+03    2.43731e+02    1.85349e+03
     Coulomb-14        LJ (SR)  Disper. corr.   Coulomb (SR)   Coul. recip.
    1.63648e+04    9.20074e+04   -4.53581e+03   -6.39021e+05    3.01096e+03
 Position Rest.      Potential    Kinetic En.   Total Energy  Conserved En.
    4.58151e+02   -5.19108e+05    8.59716e+04   -4.33136e+05   -4.30058e+05
    Temperature Pres. DC (bar) Pressure (bar)   Constr. rmsd
    3.00765e+02   -2.23846e+02   -2.93123e+02    2.98788e-06

           Step           Time
           5000       10.00000

Writing checkpoint, step 5000 at Thu May  4 13:57:52 2023


   Energies (kJ/mol)
           Bond          Angle    Proper Dih.  Improper Dih.          LJ-14
    1.53114e+03    3.76423e+03    5.21042e+03    2.57176e+02    1.85016e+03
     Coulomb-14        LJ (SR)  Disper. corr.   Coulomb (SR)   Coul. recip.
    1.61794e+04    9.30836e+04   -4.54225e+03   -6.39697e+05    2.94279e+03
 Position Rest.      Potential    Kinetic En.   Total Energy  Conserved En.
    4.47877e+02   -5.18972e+05    8.50707e+04   -4.33901e+05   -4.30060e+05
    Temperature Pres. DC (bar) Pressure (bar)   Constr. rmsd
    2.97613e+02   -2.24480e+02   -6.46191e+00    2.91211e-06


Energy conservation over simulation part #1 of length 10 ns, time 0 to 10 ns
  Conserved energy drift: 1.66e-04 kJ/mol/ps per atom


	<======  ###############  ==>
	<====  A V E R A G E S  ====>
	<==  ###############  ======>

	Statistics over 5001 steps using 51 frames

   Energies (kJ/mol)
           Bond          Angle    Proper Dih.  Improper Dih.          LJ-14
    1.55827e+03    3.85471e+03    5.17629e+03    2.62889e+02    1.87913e+03
     Coulomb-14        LJ (SR)  Disper. corr.   Coulomb (SR)   Coul. recip.
    1.61474e+04    9.31087e+04   -4.54926e+03   -6.39570e+05    2.96088e+03
 Position Rest.      Potential    Kinetic En.   Total Energy  Conserved En.
    4.48745e+02   -5.18722e+05    8.56447e+04   -4.33077e+05   -4.30056e+05
    Temperature Pres. DC (bar) Pressure (bar)   Constr. rmsd
    2.99622e+02   -2.25180e+02    2.10275e+01    0.00000e+00

          Box-X          Box-Y          Box-Z
    6.95129e+00    6.95129e+00    6.95129e+00

   Total Virial (kJ/mol)
    2.80688e+04   -3.23739e+01   -1.69360e+02
   -3.26618e+01    2.85531e+04    7.90611e+01
   -1.69410e+02    7.94283e+01    2.83974e+04

   Pressure (bar)
    4.71413e+01    6.29575e+00    1.73146e+01
    6.32421e+00    1.13646e+00   -4.93421e+00
    1.73194e+01   -4.97055e+00    1.48047e+01

      T-Protein  T-non-Protein
    3.00504e+02    2.99554e+02


	M E G A - F L O P S   A C C O U N T I N G

 NB=Group-cutoff nonbonded kernels    NxN=N-by-N cluster Verlet kernels
 RF=Reaction-Field  VdW=Van der Waals  QSTab=quadratic-spline table
 W3=SPC/TIP3p  W4=TIP4p (single or pairs)
 V&F=Potential and force  V=Potential only  F=Force only

 Computing:                               M-Number         M-Flops  % Flops
-----------------------------------------------------------------------------
 Pair Search distance check            1173.445902       10561.013     0.3
 NxN QSTab Elec. + LJ [F]             45562.300232     1868054.310    53.0
 NxN QSTab Elec. + LJ [V&F]             469.243008       27685.337     0.8
 NxN QSTab Elec. [F]                  39622.450376     1347163.313    38.2
 NxN QSTab Elec. [V&F]                  408.195376       16736.010     0.5
 1,4 nonbonded interactions              25.535106        2298.160     0.1
 Calc Weights                           508.241628       18296.699     0.5
 Spread Q Bspline                     10842.488064       21684.976     0.6
 Gather F Bspline                     10842.488064       65054.928     1.8
 3D-FFT                               13954.470336      111635.763     3.2
 Solve PME                                9.681936         619.644     0.0
 Shift-X                                  3.421476          20.529     0.0
 Bonds                                    5.126025         302.435     0.0
 Angles                                  17.738547        2980.076     0.1
 Propers                                 27.875574        6383.506     0.2
 Impropers                                2.130426         443.129     0.0
 Pos. Restr.                              5.006001         250.300     0.0
 Virial                                  16.994421         305.900     0.0
 Stop-CM                                  1.727676          17.277     0.0
 Calc-Ekin                               33.943752         916.481     0.0
 Lincs                                    4.795959         287.758     0.0
 Lincs-Mat                               23.884776          95.539     0.0
 Constraint-V                           169.163826        1522.474     0.0
 Constraint-Vir                          16.466367         395.193     0.0
 Settle                                  53.190636       19680.535     0.6
-----------------------------------------------------------------------------
 Total                                                 3523391.285   100.0
-----------------------------------------------------------------------------


     R E A L   C Y C L E   A N D   T I M E   A C C O U N T I N G

On 1 MPI rank, each using 8 OpenMP threads

 Computing:          Num   Num      Call    Wall time         Giga-Cycles
                     Ranks Threads  Count      (s)         total sum    %
-----------------------------------------------------------------------------
 Neighbor search        1    8        101       1.435         32.176   1.5
 Force                  1    8       5001      52.998       1188.512  57.0
 PME mesh               1    8       5001      16.008        358.993  17.2
 NB X/F buffer ops.     1    8       9901       4.906        110.015   5.3
 Write traj.            1    8         11      13.060        292.875  14.1
 Update                 1    8       5001       1.842         41.305   2.0
 Constraints            1    8       5001       1.961         43.983   2.1
 Rest                                           0.728         16.316   0.8
-----------------------------------------------------------------------------
 Total                                         92.937       2084.176 100.0
-----------------------------------------------------------------------------
 Breakdown of PME mesh computation
-----------------------------------------------------------------------------
 PME spread             1    8       5001       5.807        130.227   6.2
 PME gather             1    8       5001       5.821        130.543   6.3
 PME 3D-FFT             1    8      10002       3.644         81.729   3.9
 PME solve Elec         1    8       5001       0.217          4.867   0.2
-----------------------------------------------------------------------------

               Core t (s)   Wall t (s)        (%)
       Time:      743.471       92.937      800.0
                 (ns/day)    (hour/ns)
Performance:        9.298        2.581
Finished mdrun on rank 0 Thu May  4 13:57:57 2023

